# JRE version: OpenJDK Runtime Environment Temurin-21.0.10+7 (21.0.10+7) (build 21.0.10+7-LTS)
# Java VM: OpenJDK 64-Bit Server VM Temurin-21.0.10+7 (21.0.10+7-LTS, mixed mode, sharing, tiered, compressed oops, compressed class ptrs, g1 gc, windows-amd64)
GC Precious Log:
 CardTable entry size: 512
 Card Set container configuration: InlinePtr #cards 4 size 8 Array Of Cards #cards 32 size 80 Howl #buckets 8 coarsen threshold 7372 Howl Bitmap #cards 1024 size 144 coarsen threshold 921 Card regions per heap region 1 cards per card region 8192
 CPUs: 8 total, 8 available
 Memory: 7412M
 Large Page Support: Disabled
 NUMA Support: Disabled
 Compressed Oops: Enabled (Zero based)
 Heap Region Size: 4M
 Heap Min Capacity: 8M
 Heap Initial Capacity: 116M
 Heap Max Capacity: 8G
 Pre-touch: Disabled
 Parallel Workers: 8
 Concurrent Workers: 2
 Concurrent Refinement Workers: 8
 Periodic GC: Disabled
Heap:
 garbage-first heap   total 438272K, used 313312K [0x0000000600000000, 0x0000000800000000)
  region size 4096K, 9 young (36864K), 4 survivors (16384K)
 Metaspace       used 134704K, committed 137472K, reserved 1179648K
  class space    used 18428K, committed 19776K, reserved 1048576K
GC Heap History (20 events):
Event: 171.237 GC heap before
{Heap before GC invocations=57 (full 0):
 garbage-first heap   total 303104K, used 272407K [0x0000000600000000, 0x0000000800000000)
  region size 4096K, 26 young (106496K), 3 survivors (12288K)
 Metaspace       used 116339K, committed 118976K, reserved 1179648K
  class space    used 16437K, committed 17664K, reserved 1048576K
}
Event: 171.259 GC heap after
{Heap after GC invocations=58 (full 0):
 garbage-first heap   total 307200K, used 189803K [0x0000000600000000, 0x0000000800000000)
  region size 4096K, 4 young (16384K), 4 survivors (16384K)
 Metaspace       used 116339K, committed 118976K, reserved 1179648K
  class space    used 16437K, committed 17664K, reserved 1048576K
}
Event: 175.297 GC heap before
{Heap before GC invocations=58 (full 0):
 garbage-first heap   total 307200K, used 271723K [0x0000000600000000, 0x0000000800000000)
  region size 4096K, 25 young (102400K), 4 survivors (16384K)
 Metaspace       used 120108K, committed 122816K, reserved 1179648K
  class space    used 16776K, committed 18048K, reserved 1048576K
}
Event: 175.329 GC heap after
{Heap after GC invocations=59 (full 0):
 garbage-first heap   total 311296K, used 204973K [0x0000000600000000, 0x0000000800000000)
  region size 4096K, 4 young (16384K), 4 survivors (16384K)
 Metaspace       used 120108K, committed 122816K, reserved 1179648K
  class space    used 16776K, committed 18048K, reserved 1048576K
}
Event: 177.136 GC heap before
{Heap before GC invocations=60 (full 0):
 garbage-first heap   total 348160K, used 274605K [0x0000000600000000, 0x0000000800000000)
  region size 4096K, 21 young (86016K), 4 survivors (16384K)
 Metaspace       used 123456K, committed 126144K, reserved 1179648K
  class space    used 17247K, committed 18496K, reserved 1048576K
}
Event: 177.152 GC heap after
{Heap after GC invocations=61 (full 0):
 garbage-first heap   total 348160K, used 211559K [0x0000000600000000, 0x0000000800000000)
  region size 4096K, 2 young (8192K), 2 survivors (8192K)
 Metaspace       used 123456K, committed 126144K, reserved 1179648K
  class space    used 17247K, committed 18496K, reserved 1048576K
}
Event: 179.056 GC heap before
{Heap before GC invocations=61 (full 0):
 garbage-first heap   total 348160K, used 309863K [0x0000000600000000, 0x0000000800000000)
  region size 4096K, 26 young (106496K), 2 survivors (8192K)
 Metaspace       used 127361K, committed 129984K, reserved 1179648K
  class space    used 17760K, committed 19008K, reserved 1048576K
}
Event: 179.079 GC heap after
{Heap after GC invocations=62 (full 0):
 garbage-first heap   total 348160K, used 229658K [0x0000000600000000, 0x0000000800000000)
  region size 4096K, 4 young (16384K), 4 survivors (16384K)
 Metaspace       used 127361K, committed 129984K, reserved 1179648K
  class space    used 17760K, committed 19008K, reserved 1048576K
}
Event: 181.105 GC heap before
{Heap before GC invocations=62 (full 0):
 garbage-first heap   total 348160K, used 303386K [0x0000000600000000, 0x0000000800000000)
  region size 4096K, 23 young (94208K), 4 survivors (16384K)
 Metaspace       used 130127K, committed 132864K, reserved 1179648K
  class space    used 18051K, committed 19392K, reserved 1048576K
}
Event: 181.138 GC heap after
{Heap after GC invocations=63 (full 0):
 garbage-first heap   total 352256K, used 252329K [0x0000000600000000, 0x0000000800000000)
  region size 4096K, 3 young (12288K), 3 survivors (12288K)
 Metaspace       used 130127K, committed 132864K, reserved 1179648K
  class space    used 18051K, committed 19392K, reserved 1048576K
}
Event: 792.171 GC heap before
{Heap before GC invocations=63 (full 0):
 garbage-first heap   total 352256K, used 305577K [0x0000000600000000, 0x0000000800000000)
  region size 4096K, 17 young (69632K), 3 survivors (12288K)
 Metaspace       used 134037K, committed 136832K, reserved 1179648K
  class space    used 18416K, committed 19776K, reserved 1048576K
}
Event: 792.554 GC heap after
{Heap after GC invocations=64 (full 0):
 garbage-first heap   total 425984K, used 257683K [0x0000000600000000, 0x0000000800000000)
  region size 4096K, 1 young (4096K), 1 survivors (4096K)
 Metaspace       used 134037K, committed 136832K, reserved 1179648K
  class space    used 18416K, committed 19776K, reserved 1048576K
}
Event: 865.883 GC heap before
{Heap before GC invocations=65 (full 0):
 garbage-first heap   total 438272K, used 331411K [0x0000000600000000, 0x0000000800000000)
  region size 4096K, 20 young (81920K), 1 survivors (4096K)
 Metaspace       used 134217K, committed 136960K, reserved 1179648K
  class space    used 18419K, committed 19776K, reserved 1048576K
}
Event: 865.977 GC heap after
{Heap after GC invocations=66 (full 0):
 garbage-first heap   total 438272K, used 264266K [0x0000000600000000, 0x0000000800000000)
  region size 4096K, 3 young (12288K), 3 survivors (12288K)
 Metaspace       used 134217K, committed 136960K, reserved 1179648K
  class space    used 18419K, committed 19776K, reserved 1048576K
}
Event: 876.941 GC heap before
{Heap before GC invocations=66 (full 0):
 garbage-first heap   total 438272K, used 378954K [0x0000000600000000, 0x0000000800000000)
  region size 4096K, 32 young (131072K), 3 survivors (12288K)
 Metaspace       used 134468K, committed 137280K, reserved 1179648K
  class space    used 18427K, committed 19776K, reserved 1048576K
}
Event: 877.670 GC heap after
{Heap after GC invocations=67 (full 0):
 garbage-first heap   total 438272K, used 277651K [0x0000000600000000, 0x0000000800000000)
  region size 4096K, 4 young (16384K), 4 survivors (16384K)
 Metaspace       used 134468K, committed 137280K, reserved 1179648K
  class space    used 18427K, committed 19776K, reserved 1048576K
}
Event: 877.897 GC heap before
{Heap before GC invocations=67 (full 0):
 garbage-first heap   total 438272K, used 281747K [0x0000000600000000, 0x0000000800000000)
  region size 4096K, 5 young (20480K), 4 survivors (16384K)
 Metaspace       used 134471K, committed 137280K, reserved 1179648K
  class space    used 18427K, committed 19776K, reserved 1048576K
}
Event: 877.982 GC heap after
{Heap after GC invocations=68 (full 0):
 garbage-first heap   total 438272K, used 283268K [0x0000000600000000, 0x0000000800000000)
  region size 4096K, 1 young (4096K), 1 survivors (4096K)
 Metaspace       used 134471K, committed 137280K, reserved 1179648K
  class space    used 18427K, committed 19776K, reserved 1048576K
}
Event: 882.270 GC heap before
{Heap before GC invocations=68 (full 0):
 garbage-first heap   total 438272K, used 381572K [0x0000000600000000, 0x0000000800000000)
  region size 4096K, 25 young (102400K), 1 survivors (4096K)
 Metaspace       used 134668K, committed 137472K, reserved 1179648K
  class space    used 18428K, committed 19776K, reserved 1048576K
}
Event: 882.313 GC heap after
{Heap after GC invocations=69 (full 0):
 garbage-first heap   total 438272K, used 296928K [0x0000000600000000, 0x0000000800000000)
  region size 4096K, 4 young (16384K), 4 survivors (16384K)
 Metaspace       used 134668K, committed 137472K, reserved 1179648K
  class space    used 18428K, committed 19776K, reserved 1048576K
}

