# JRE version: OpenJDK Runtime Environment Temurin-21.0.10+7 (21.0.10+7) (build 21.0.10+7-LTS)
# Java VM: OpenJDK 64-Bit Server VM Temurin-21.0.10+7 (21.0.10+7-LTS, mixed mode, sharing, tiered, compressed oops, compressed class ptrs, parallel gc, windows-amd64)
GC Precious Log:
 CardTable entry size: 512
 CPUs: 8 total, 8 available
 Memory: 7412M
 Large Page Support: Disabled
 NUMA Support: Disabled
 Compressed Oops: Enabled (32-bit)
 Alignments: Space 512K, Generation 512K, Heap 2M
 Heap Min Capacity: 100M
 Heap Initial Capacity: 100M
 Heap Max Capacity: 2G
 Pre-touch: Disabled
 Parallel Workers: 8
Heap:
 PSYoungGen      total 13824K, used 1411K [0x00000000d5580000, 0x00000000d6580000, 0x0000000100000000)
  eden space 13312K, 8% used [0x00000000d5580000,0x00000000d5690f28,0x00000000d6280000)
  from space 512K, 62% used [0x00000000d6500000,0x00000000d6550000,0x00000000d6580000)
  to   space 1024K, 0% used [0x00000000d6380000,0x00000000d6380000,0x00000000d6480000)
 ParOldGen       total 68608K, used 64961K [0x0000000080000000, 0x0000000084300000, 0x00000000d5580000)
  object space 68608K, 94% used [0x0000000080000000,0x0000000083f707f8,0x0000000084300000)
 Metaspace       used 69574K, committed 71040K, reserved 1114112K
  class space    used 8178K, committed 8832K, reserved 1048576K
GC Heap History (20 events):
Event: 318.788 GC heap before
{Heap before GC invocations=43 (full 3):
 PSYoungGen      total 15360K, used 14976K [0x00000000d5580000, 0x00000000d6780000, 0x0000000100000000)
  eden space 13312K, 100% used [0x00000000d5580000,0x00000000d6280000,0x00000000d6280000)
  from space 2048K, 81% used [0x00000000d6280000,0x00000000d6420010,0x00000000d6480000)
  to   space 2560K, 0% used [0x00000000d6500000,0x00000000d6500000,0x00000000d6780000)
 ParOldGen       total 68608K, used 52553K [0x0000000080000000, 0x0000000084300000, 0x00000000d5580000)
  object space 68608K, 76% used [0x0000000080000000,0x00000000833526f0,0x0000000084300000)
 Metaspace       used 64157K, committed 65600K, reserved 1114112K
  class space    used 7601K, committed 8256K, reserved 1048576K
}
Event: 318.796 GC heap after
{Heap after GC invocations=43 (full 3):
 PSYoungGen      total 15360K, used 1730K [0x00000000d5580000, 0x00000000d6700000, 0x0000000100000000)
  eden space 13312K, 0% used [0x00000000d5580000,0x00000000d5580000,0x00000000d6280000)
  from space 2048K, 84% used [0x00000000d6500000,0x00000000d66b0800,0x00000000d6700000)
  to   space 2048K, 0% used [0x00000000d6280000,0x00000000d6280000,0x00000000d6480000)
 ParOldGen       total 68608K, used 54057K [0x0000000080000000, 0x0000000084300000, 0x00000000d5580000)
  object space 68608K, 78% used [0x0000000080000000,0x00000000834ca700,0x0000000084300000)
 Metaspace       used 64157K, committed 65600K, reserved 1114112K
  class space    used 7601K, committed 8256K, reserved 1048576K
}
Event: 318.938 GC heap before
{Heap before GC invocations=44 (full 3):
 PSYoungGen      total 15360K, used 15042K [0x00000000d5580000, 0x00000000d6700000, 0x0000000100000000)
  eden space 13312K, 100% used [0x00000000d5580000,0x00000000d6280000,0x00000000d6280000)
  from space 2048K, 84% used [0x00000000d6500000,0x00000000d66b0800,0x00000000d6700000)
  to   space 2048K, 0% used [0x00000000d6280000,0x00000000d6280000,0x00000000d6480000)
 ParOldGen       total 68608K, used 54057K [0x0000000080000000, 0x0000000084300000, 0x00000000d5580000)
  object space 68608K, 78% used [0x0000000080000000,0x00000000834ca700,0x0000000084300000)
 Metaspace       used 64161K, committed 65600K, reserved 1114112K
  class space    used 7601K, committed 8256K, reserved 1048576K
}
Event: 318.943 GC heap after
{Heap after GC invocations=44 (full 3):
 PSYoungGen      total 15360K, used 1572K [0x00000000d5580000, 0x00000000d6680000, 0x0000000100000000)
  eden space 13312K, 0% used [0x00000000d5580000,0x00000000d5580000,0x00000000d6280000)
  from space 2048K, 76% used [0x00000000d6280000,0x00000000d6409000,0x00000000d6480000)
  to   space 2048K, 0% used [0x00000000d6480000,0x00000000d6480000,0x00000000d6680000)
 ParOldGen       total 68608K, used 55528K [0x0000000080000000, 0x0000000084300000, 0x00000000d5580000)
  object space 68608K, 80% used [0x0000000080000000,0x000000008363a0b0,0x0000000084300000)
 Metaspace       used 64161K, committed 65600K, reserved 1114112K
  class space    used 7601K, committed 8256K, reserved 1048576K
}
Event: 319.085 GC heap before
{Heap before GC invocations=45 (full 3):
 PSYoungGen      total 15360K, used 14884K [0x00000000d5580000, 0x00000000d6680000, 0x0000000100000000)
  eden space 13312K, 100% used [0x00000000d5580000,0x00000000d6280000,0x00000000d6280000)
  from space 2048K, 76% used [0x00000000d6280000,0x00000000d6409000,0x00000000d6480000)
  to   space 2048K, 0% used [0x00000000d6480000,0x00000000d6480000,0x00000000d6680000)
 ParOldGen       total 68608K, used 55528K [0x0000000080000000, 0x0000000084300000, 0x00000000d5580000)
  object space 68608K, 80% used [0x0000000080000000,0x000000008363a0b0,0x0000000084300000)
 Metaspace       used 64165K, committed 65600K, reserved 1114112K
  class space    used 7601K, committed 8256K, reserved 1048576K
}
Event: 319.089 GC heap after
{Heap after GC invocations=45 (full 3):
 PSYoungGen      total 15360K, used 1504K [0x00000000d5580000, 0x00000000d6680000, 0x0000000100000000)
  eden space 13312K, 0% used [0x00000000d5580000,0x00000000d5580000,0x00000000d6280000)
  from space 2048K, 73% used [0x00000000d6480000,0x00000000d65f8000,0x00000000d6680000)
  to   space 2048K, 0% used [0x00000000d6280000,0x00000000d6280000,0x00000000d6480000)
 ParOldGen       total 68608K, used 56984K [0x0000000080000000, 0x0000000084300000, 0x00000000d5580000)
  object space 68608K, 83% used [0x0000000080000000,0x00000000837a61b0,0x0000000084300000)
 Metaspace       used 64165K, committed 65600K, reserved 1114112K
  class space    used 7601K, committed 8256K, reserved 1048576K
}
Event: 319.590 GC heap before
{Heap before GC invocations=46 (full 3):
 PSYoungGen      total 15360K, used 14816K [0x00000000d5580000, 0x00000000d6680000, 0x0000000100000000)
  eden space 13312K, 100% used [0x00000000d5580000,0x00000000d6280000,0x00000000d6280000)
  from space 2048K, 73% used [0x00000000d6480000,0x00000000d65f8000,0x00000000d6680000)
  to   space 2048K, 0% used [0x00000000d6280000,0x00000000d6280000,0x00000000d6480000)
 ParOldGen       total 68608K, used 56984K [0x0000000080000000, 0x0000000084300000, 0x00000000d5580000)
  object space 68608K, 83% used [0x0000000080000000,0x00000000837a61b0,0x0000000084300000)
 Metaspace       used 64186K, committed 65600K, reserved 1114112K
  class space    used 7602K, committed 8256K, reserved 1048576K
}
Event: 319.595 GC heap after
{Heap after GC invocations=46 (full 3):
 PSYoungGen      total 15360K, used 1600K [0x00000000d5580000, 0x00000000d6680000, 0x0000000100000000)
  eden space 13312K, 0% used [0x00000000d5580000,0x00000000d5580000,0x00000000d6280000)
  from space 2048K, 78% used [0x00000000d6280000,0x00000000d6410010,0x00000000d6480000)
  to   space 2048K, 0% used [0x00000000d6480000,0x00000000d6480000,0x00000000d6680000)
 ParOldGen       total 68608K, used 58336K [0x0000000080000000, 0x0000000084300000, 0x00000000d5580000)
  object space 68608K, 85% used [0x0000000080000000,0x00000000838f81b0,0x0000000084300000)
 Metaspace       used 64186K, committed 65600K, reserved 1114112K
  class space    used 7602K, committed 8256K, reserved 1048576K
}
Event: 319.752 GC heap before
{Heap before GC invocations=47 (full 3):
 PSYoungGen      total 15360K, used 14912K [0x00000000d5580000, 0x00000000d6680000, 0x0000000100000000)
  eden space 13312K, 100% used [0x00000000d5580000,0x00000000d6280000,0x00000000d6280000)
  from space 2048K, 78% used [0x00000000d6280000,0x00000000d6410010,0x00000000d6480000)
  to   space 2048K, 0% used [0x00000000d6480000,0x00000000d6480000,0x00000000d6680000)
 ParOldGen       total 68608K, used 58336K [0x0000000080000000, 0x0000000084300000, 0x00000000d5580000)
  object space 68608K, 85% used [0x0000000080000000,0x00000000838f81b0,0x0000000084300000)
 Metaspace       used 64206K, committed 65664K, reserved 1114112K
  class space    used 7602K, committed 8256K, reserved 1048576K
}
Event: 319.756 GC heap after
{Heap after GC invocations=47 (full 3):
 PSYoungGen      total 14848K, used 1432K [0x00000000d5580000, 0x00000000d6600000, 0x0000000100000000)
  eden space 13312K, 0% used [0x00000000d5580000,0x00000000d5580000,0x00000000d6280000)
  from space 1536K, 93% used [0x00000000d6480000,0x00000000d65e6200,0x00000000d6600000)
  to   space 1536K, 0% used [0x00000000d6300000,0x00000000d6300000,0x00000000d6480000)
 ParOldGen       total 68608K, used 59824K [0x0000000080000000, 0x0000000084300000, 0x00000000d5580000)
  object space 68608K, 87% used [0x0000000080000000,0x0000000083a6c1c0,0x0000000084300000)
 Metaspace       used 64206K, committed 65664K, reserved 1114112K
  class space    used 7602K, committed 8256K, reserved 1048576K
}
Event: 881.355 GC heap before
{Heap before GC invocations=48 (full 3):
 PSYoungGen      total 14848K, used 14744K [0x00000000d5580000, 0x00000000d6600000, 0x0000000100000000)
  eden space 13312K, 100% used [0x00000000d5580000,0x00000000d6280000,0x00000000d6280000)
  from space 1536K, 93% used [0x00000000d6480000,0x00000000d65e6200,0x00000000d6600000)
  to   space 1536K, 0% used [0x00000000d6300000,0x00000000d6300000,0x00000000d6480000)
 ParOldGen       total 68608K, used 59824K [0x0000000080000000, 0x0000000084300000, 0x00000000d5580000)
  object space 68608K, 87% used [0x0000000080000000,0x0000000083a6c1c0,0x0000000084300000)
 Metaspace       used 65133K, committed 66560K, reserved 1114112K
  class space    used 7712K, committed 8320K, reserved 1048576K
}
Event: 881.428 GC heap after
{Heap after GC invocations=48 (full 3):
 PSYoungGen      total 14848K, used 1024K [0x00000000d5580000, 0x00000000d6580000, 0x0000000100000000)
  eden space 13312K, 0% used [0x00000000d5580000,0x00000000d5580000,0x00000000d6280000)
  from space 1536K, 66% used [0x00000000d6300000,0x00000000d6400020,0x00000000d6480000)
  to   space 1024K, 0% used [0x00000000d6480000,0x00000000d6480000,0x00000000d6580000)
 ParOldGen       total 68608K, used 61112K [0x0000000080000000, 0x0000000084300000, 0x00000000d5580000)
  object space 68608K, 89% used [0x0000000080000000,0x0000000083bae3c0,0x0000000084300000)
 Metaspace       used 65133K, committed 66560K, reserved 1114112K
  class space    used 7712K, committed 8320K, reserved 1048576K
}
Event: 883.408 GC heap before
{Heap before GC invocations=49 (full 3):
 PSYoungGen      total 14848K, used 14336K [0x00000000d5580000, 0x00000000d6580000, 0x0000000100000000)
  eden space 13312K, 100% used [0x00000000d5580000,0x00000000d6280000,0x00000000d6280000)
  from space 1536K, 66% used [0x00000000d6300000,0x00000000d6400020,0x00000000d6480000)
  to   space 1024K, 0% used [0x00000000d6480000,0x00000000d6480000,0x00000000d6580000)
 ParOldGen       total 68608K, used 61112K [0x0000000080000000, 0x0000000084300000, 0x00000000d5580000)
  object space 68608K, 89% used [0x0000000080000000,0x0000000083bae3c0,0x0000000084300000)
 Metaspace       used 67061K, committed 68608K, reserved 1114112K
  class space    used 7910K, committed 8576K, reserved 1048576K
}
Event: 883.415 GC heap after
{Heap after GC invocations=49 (full 3):
 PSYoungGen      total 14336K, used 825K [0x00000000d5580000, 0x00000000d6580000, 0x0000000100000000)
  eden space 13312K, 0% used [0x00000000d5580000,0x00000000d5580000,0x00000000d6280000)
  from space 1024K, 80% used [0x00000000d6480000,0x00000000d654e490,0x00000000d6580000)
  to   space 1024K, 0% used [0x00000000d6380000,0x00000000d6380000,0x00000000d6480000)
 ParOldGen       total 68608K, used 62029K [0x0000000080000000, 0x0000000084300000, 0x00000000d5580000)
  object space 68608K, 90% used [0x0000000080000000,0x0000000083c93488,0x0000000084300000)
 Metaspace       used 67061K, committed 68608K, reserved 1114112K
  class space    used 7910K, committed 8576K, reserved 1048576K
}
Event: 887.690 GC heap before
{Heap before GC invocations=50 (full 3):
 PSYoungGen      total 14336K, used 14137K [0x00000000d5580000, 0x00000000d6580000, 0x0000000100000000)
  eden space 13312K, 100% used [0x00000000d5580000,0x00000000d6280000,0x00000000d6280000)
  from space 1024K, 80% used [0x00000000d6480000,0x00000000d654e490,0x00000000d6580000)
  to   space 1024K, 0% used [0x00000000d6380000,0x00000000d6380000,0x00000000d6480000)
 ParOldGen       total 68608K, used 62029K [0x0000000080000000, 0x0000000084300000, 0x00000000d5580000)
  object space 68608K, 90% used [0x0000000080000000,0x0000000083c93488,0x0000000084300000)
 Metaspace       used 68260K, committed 69760K, reserved 1114112K
  class space    used 8050K, committed 8704K, reserved 1048576K
}
Event: 887.713 GC heap after
{Heap after GC invocations=50 (full 3):
 PSYoungGen      total 14336K, used 996K [0x00000000d5580000, 0x00000000d6980000, 0x0000000100000000)
  eden space 13312K, 0% used [0x00000000d5580000,0x00000000d5580000,0x00000000d6280000)
  from space 1024K, 97% used [0x00000000d6380000,0x00000000d64793b8,0x00000000d6480000)
  to   space 3584K, 0% used [0x00000000d6600000,0x00000000d6600000,0x00000000d6980000)
 ParOldGen       total 68608K, used 63871K [0x0000000080000000, 0x0000000084300000, 0x00000000d5580000)
  object space 68608K, 93% used [0x0000000080000000,0x0000000083e5ff60,0x0000000084300000)
 Metaspace       used 68260K, committed 69760K, reserved 1114112K
  class space    used 8050K, committed 8704K, reserved 1048576K
}
Event: 889.106 GC heap before
{Heap before GC invocations=51 (full 3):
 PSYoungGen      total 14336K, used 14308K [0x00000000d5580000, 0x00000000d6980000, 0x0000000100000000)
  eden space 13312K, 100% used [0x00000000d5580000,0x00000000d6280000,0x00000000d6280000)
  from space 1024K, 97% used [0x00000000d6380000,0x00000000d64793b8,0x00000000d6480000)
  to   space 3584K, 0% used [0x00000000d6600000,0x00000000d6600000,0x00000000d6980000)
 ParOldGen       total 68608K, used 63871K [0x0000000080000000, 0x0000000084300000, 0x00000000d5580000)
  object space 68608K, 93% used [0x0000000080000000,0x0000000083e5ff60,0x0000000084300000)
 Metaspace       used 68282K, committed 69760K, reserved 1114112K
  class space    used 8050K, committed 8704K, reserved 1048576K
}
Event: 889.112 GC heap after
{Heap after GC invocations=51 (full 3):
 PSYoungGen      total 14848K, used 1461K [0x00000000d5580000, 0x00000000d6780000, 0x0000000100000000)
  eden space 13312K, 0% used [0x00000000d5580000,0x00000000d5580000,0x00000000d6280000)
  from space 1536K, 95% used [0x00000000d6600000,0x00000000d676d410,0x00000000d6780000)
  to   space 2048K, 0% used [0x00000000d6380000,0x00000000d6380000,0x00000000d6580000)
 ParOldGen       total 68608K, used 64680K [0x0000000080000000, 0x0000000084300000, 0x00000000d5580000)
  object space 68608K, 94% used [0x0000000080000000,0x0000000083f2a1e8,0x0000000084300000)
 Metaspace       used 68282K, committed 69760K, reserved 1114112K
  class space    used 8050K, committed 8704K, reserved 1048576K
}
Event: 889.210 GC heap before
{Heap before GC invocations=52 (full 3):
 PSYoungGen      total 14848K, used 14773K [0x00000000d5580000, 0x00000000d6780000, 0x0000000100000000)
  eden space 13312K, 100% used [0x00000000d5580000,0x00000000d6280000,0x00000000d6280000)
  from space 1536K, 95% used [0x00000000d6600000,0x00000000d676d410,0x00000000d6780000)
  to   space 2048K, 0% used [0x00000000d6380000,0x00000000d6380000,0x00000000d6580000)
 ParOldGen       total 68608K, used 64680K [0x0000000080000000, 0x0000000084300000, 0x00000000d5580000)
  object space 68608K, 94% used [0x0000000080000000,0x0000000083f2a1e8,0x0000000084300000)
 Metaspace       used 68288K, committed 69760K, reserved 1114112K
  class space    used 8050K, committed 8704K, reserved 1048576K
}
Event: 889.218 GC heap after
{Heap after GC invocations=52 (full 3):
 PSYoungGen      total 14848K, used 1060K [0x00000000d5580000, 0x00000000d6680000, 0x0000000100000000)
  eden space 13312K, 0% used [0x00000000d5580000,0x00000000d5580000,0x00000000d6280000)
  from space 1536K, 69% used [0x00000000d6380000,0x00000000d64890e8,0x00000000d6500000)
  to   space 1536K, 0% used [0x00000000d6500000,0x00000000d6500000,0x00000000d6680000)
 ParOldGen       total 68608K, used 64937K [0x0000000080000000, 0x0000000084300000, 0x00000000d5580000)
  object space 68608K, 94% used [0x0000000080000000,0x0000000083f6a7f8,0x0000000084300000)
 Metaspace       used 68288K, committed 69760K, reserved 1114112K
  class space    used 8050K, committed 8704K, reserved 1048576K
}

